0 info it worked if it ends with ok
1 verbose cli [ 'node', '/usr/local/bin/npm', 'publish' ]
2 info using npm@2.0.2
3 info using node@v0.10.32
4 verbose publish [ '.' ]
5 verbose cache add [ '.', null ]
6 verbose cache add spec="." args=[".",null]
7 verbose parsed spec { raw: '.',
7 verbose parsed spec   scope: null,
7 verbose parsed spec   name: null,
7 verbose parsed spec   rawSpec: '.',
7 verbose parsed spec   spec: '/Users/kushagra/code/batcave/librarian',
7 verbose parsed spec   type: 'local' }
8 verbose cache add local package /Users/kushagra/code/batcave/librarian
9 silly lockFile 3a52ce78- .
10 verbose lock . /Users/kushagra/.npm/3a52ce78-.lock
11 verbose tar pack [ '/Users/kushagra/.npm/ebooker/1.0.0/package.tgz', '.' ]
12 verbose tarball /Users/kushagra/.npm/ebooker/1.0.0/package.tgz
13 verbose folder .
14 info prepublish ebooker@1.0.0
15 silly lockFile 1f1177db-tar tar://.
16 verbose lock tar://. /Users/kushagra/.npm/1f1177db-tar.lock
17 silly lockFile 84020204-ra-npm-ebooker-1-0-0-package-tgz tar:///Users/kushagra/.npm/ebooker/1.0.0/package.tgz
18 verbose lock tar:///Users/kushagra/.npm/ebooker/1.0.0/package.tgz /Users/kushagra/.npm/84020204-ra-npm-ebooker-1-0-0-package-tgz.lock
19 silly lockFile 1f1177db-tar tar://.
20 silly lockFile 1f1177db-tar tar://.
21 silly lockFile 84020204-ra-npm-ebooker-1-0-0-package-tgz tar:///Users/kushagra/.npm/ebooker/1.0.0/package.tgz
22 silly lockFile 84020204-ra-npm-ebooker-1-0-0-package-tgz tar:///Users/kushagra/.npm/ebooker/1.0.0/package.tgz
23 silly lockFile e31d1dc0-shagra-npm-ebooker-1-0-0-package /Users/kushagra/.npm/ebooker/1.0.0/package
24 verbose lock /Users/kushagra/.npm/ebooker/1.0.0/package /Users/kushagra/.npm/e31d1dc0-shagra-npm-ebooker-1-0-0-package.lock
25 silly lockFile e31d1dc0-shagra-npm-ebooker-1-0-0-package /Users/kushagra/.npm/ebooker/1.0.0/package
26 silly lockFile e31d1dc0-shagra-npm-ebooker-1-0-0-package /Users/kushagra/.npm/ebooker/1.0.0/package
27 silly lockFile 3a52ce78- .
28 silly lockFile 3a52ce78- .
29 silly publish { name: 'ebooker',
29 silly publish   version: '1.0.0',
29 silly publish   description: 'A simple nodejs CLI tool to easily download programming ebooks',
29 silly publish   main: 'index.js',
29 silly publish   scripts: { test: 'echo "Error: no test specified" && exit 1' },
29 silly publish   repository: { type: 'git', url: 'https://github.com/k-u-s-h/ebooker' },
29 silly publish   author: { name: 'kushagra', email: 'singh.kushagra93@gmail.com' },
29 silly publish   license: 'M.I.T',
29 silly publish   bugs: { url: 'https://github.com/k-u-s-h/ebooker/issues' },
29 silly publish   homepage: 'https://github.com/k-u-s-h/ebooker',
29 silly publish   dependencies:
29 silly publish    { bluebird: '^2.3.4',
29 silly publish      colors: '^0.6.2',
29 silly publish      open: '0.0.5',
29 silly publish      request: '^2.44.0' },
29 silly publish   bin: { ebooker: 'index.js' },
29 silly publish   keywords: [ 'programming', 'ebook', 'search' ],
29 silly publish   readme: '#ebooker\n###A simple node.js based CLI tool to easily download programming ebooks\n\n##Installation:\n\n```\nsudo npm install -g ebooker\n```\n##Usage:\n\n```\n$ ebooker <key-word>\n```\n\n###Example:\n```\n$ ebooker node.js\n```\n\nOutput:\n```\n1. Node.js for PHP Developers\nPorting PHP to Node.js\n\n2. Using Node.js for UI Testing\nLearn how to easily automate testing of your web apps using Node.js, Zombie.js, and Mocha\n\n3. Getting Started with GEO, CouchDB, and Node.js\nNew Open Source Tools for Location Data\n\n4. Professional Node.js\nBuilding Javascript Based Scalable Software\n\n5. CoffeeScript Programming with jQuery, Rails, and Node.js\nLearn CoffeeScript programming with the three most popular web technologies around\n\n6. Jump Start Node.js\n** No description available **\n\n7. Node.js Recipes\nA Problem-Solution Approach\n\n8. Learning Node.js\nA Hands-On Guide to Building Web Applications in JavaScript\n\n9. Node.js the Right Way\nPractical, Server-Side JavaScript That Scales\n\n10. Node.js in Action\n** No description available **\n\nEnter the option number of the book you want to download:\n```\n\nUpon entering the correct option number you will be directed straight to the download page.\n\n###Note:\nSometimes you can get a ```OOPS!! NO ITEMS FOUND``` message. In that case try altering the key-word. For example- \'node.js\' instead of \'nodejs\' and \'C sharp\' for \'C#\' .\n',
29 silly publish   readmeFilename: 'README.md',
29 silly publish   _id: 'ebooker@1.0.0',
29 silly publish   _shasum: 'd64fee9b26b38d2bebfa0b4ae0f3359eaee360e0',
29 silly publish   _from: '.' }
30 verbose mapToRegistry name ebooker
31 verbose mapToRegistry uri https://registry.npmjs.org/ebooker
32 verbose publish registryBase https://registry.npmjs.org/
33 verbose request on initialization, where is /ebooker
34 verbose request after pass 1, where is /ebooker
35 verbose request url raw /ebooker
36 verbose request resolving registry [ 'https://registry.npmjs.org/', './ebooker' ]
37 verbose request after pass 2, where is https://registry.npmjs.org/ebooker
38 verbose request sending authorization for write operation
39 info attempt registry request try #1 at 01:58:45
40 verbose request id 35fdbe7e2f9d54b3
41 http request PUT https://registry.npmjs.org/ebooker
42 http 403 https://registry.npmjs.org/ebooker
43 verbose headers { date: 'Mon, 29 Sep 2014 20:28:47 GMT',
43 verbose headers   server: 'CouchDB/1.5.0 (Erlang OTP/R16B03)',
43 verbose headers   'content-type': 'application/json',
43 verbose headers   'cache-control': 'max-age=60',
43 verbose headers   'content-length': '4169',
43 verbose headers   'accept-ranges': 'bytes',
43 verbose headers   via: '1.1 varnish',
43 verbose headers   'x-served-by': 'cache-lax1420-LAX',
43 verbose headers   'x-cache': 'MISS',
43 verbose headers   'x-cache-hits': '0',
43 verbose headers   'x-timer': 'S1412022527.220962,VS0,VE47',
43 verbose headers   'keep-alive': 'timeout=10, max=50',
43 verbose headers   connection: 'Keep-Alive' }
44 error publish Failed PUT 403
45 verbose stack Error: forbidden cannot modify pre-existing version: 1.0.0
45 verbose stack old={"name":"ebooker","version":"1.0.0","description":"A simple nodejs CLI tool to easily download programming ebooks","main":"index.js","scripts":{"test":"echo \"Error: no test specified\" && exit 1"},"repository":{"type":"git","url":"https://github.com/k-u-s-h/ebooker"},"author":{"name":"kushagra","email":"singh.kushagra93@gmail.com"},"license":"M.I.T","bugs":{"url":"https://github.com/k-u-s-h/ebooker/issues"},"homepage":"https://github.com/k-u-s-h/ebooker","dependencies":{"bluebird":"^2.3.4","colors":"^0.6.2","open":"0.0.5","request":"^2.44.0"},"bin":{"ebooker":"index.js"},"keywords":["programming","ebook","search"],"_id":"ebooker@1.0.0","_shasum":"0176497ffe1433517d5f742f22710b4522264110","_from":".","_npmVersion":"2.0.2","_nodeVersion":"0.10.32","_npmUser":{"name":"kushagra","email":"singh.kushagra93@gmail.com"},"maintainers":[{"name":"kushagra","email":"singh.kushagra93@gmail.com"}],"dist":{"shasum":"0176497ffe1433517d5f742f22710b4522264110","tarball":"http://registry.npmjs.org/ebooker/-/ebooker-1.0.0.tgz"}}
45 verbose stack new={"name":"ebooker","version":"1.0.0","description":"A simple nodejs CLI tool to easily download programming ebooks","main":"index.js","scripts":{"test":"echo \"Error: no test specified\" && exit 1"},"repository":{"type":"git","url":"https://github.com/k-u-s-h/ebooker"},"author":{"name":"kushagra","email":"singh.kushagra93@gmail.com"},"license":"M.I.T","bugs":{"url":"https://github.com/k-u-s-h/ebooker/issues"},"homepage":"https://github.com/k-u-s-h/ebooker","dependencies":{"bluebird":"^2.3.4","colors":"^0.6.2","open":"0.0.5","request":"^2.44.0"},"bin":{"ebooker":"index.js"},"keywords":["programming","ebook","search"],"readme":"#ebooker\u000a###A simple node.js based CLI tool to easily download programming ebooks\u000a\u000a##Installation:\u000a\u000a```\u000asudo npm install -g ebooker\u000a```\u000a##Usage:\u000a\u000a```\u000a$ ebooker <key-word>\u000a```\u000a\u000a###Example:\u000a```\u000a$ ebooker node.js\u000a```\u000a\u000aOutput:\u000a```\u000a1. Node.js for PHP Developers\u000aPorting PHP to Node.js\u000a\u000a2. Using Node.js for UI Testing\u000aLearn how to easily automate testing of your web apps using Node.js, Zombie.js, and Mocha\u000a\u000a3. Getting Started with GEO, CouchDB, and Node.js\u000aNew Open Source Tools for Location Data\u000a\u000a4. Professional Node.js\u000aBuilding Javascript Based Scalable Software\u000a\u000a5. CoffeeScript Programming with jQuery, Rails, and Node.js\u000aLearn CoffeeScript programming with the three most popular web technologies around\u000a\u000a6. Jump Start Node.js\u000a** No description available **\u000a\u000a7. Node.js Recipes\u000aA Problem-Solution Approach\u000a\u000a8. Learning Node.js\u000aA Hands-On Guide to Building Web Applications in JavaScript\u000a\u000a9. Node.js the Right Way\u000aPractical, Server-Side JavaScript That Scales\u000a\u000a10. Node.js in Action\u000a** No description available **\u000a\u000aEnter the option number of the book you want to download:\u000a```\u000a\u000aUpon entering the correct option number you will be directed straight to the download page.\u000a\u000a###Note:\u000aSometimes you can get a ```OOPS!! NO ITEMS FOUND``` message. In that case try altering the key-word. For example- 'node.js' instead of 'nodejs' and 'C sharp' for 'C#' .\u000a","readmeFilename":"README.md","_id":"ebooker@1.0.0","_shasum":"d64fee9b26b38d2bebfa0b4ae0f3359eaee360e0","_from":".","_npmVersion":"2.0.2","_nodeVersion":"0.10.32","_npmUser":{"name":"kushagra","email":"singh.kushagra93@gmail.com"},"maintainers":[{"name":"kushagra","email":"singh.kushagra93@gmail.com"}],"dist":{"shasum":"d64fee9b26b38d2bebfa0b4ae0f3359eaee360e0","tarball":"http://registry.npmjs.org/ebooker/-/ebooker-1.0.0.tgz"}}: ebooker
45 verbose stack     at RegClient.<anonymous> (/usr/local/lib/node_modules/npm/node_modules/npm-registry-client/lib/request.js:260:14)
45 verbose stack     at Request._callback (/usr/local/lib/node_modules/npm/node_modules/npm-registry-client/lib/request.js:197:65)
45 verbose stack     at Request.self.callback (/usr/local/lib/node_modules/npm/node_modules/request/request.js:237:22)
45 verbose stack     at Request.emit (events.js:98:17)
45 verbose stack     at Request.<anonymous> (/usr/local/lib/node_modules/npm/node_modules/request/request.js:1146:14)
45 verbose stack     at Request.emit (events.js:117:20)
45 verbose stack     at IncomingMessage.<anonymous> (/usr/local/lib/node_modules/npm/node_modules/request/request.js:1097:12)
45 verbose stack     at IncomingMessage.emit (events.js:117:20)
45 verbose stack     at _stream_readable.js:943:16
45 verbose stack     at process._tickCallback (node.js:419:13)
46 verbose statusCode 403
47 verbose pkgid ebooker
48 verbose cwd /Users/kushagra/code/batcave/librarian
49 error Darwin 14.0.0
50 error argv "node" "/usr/local/bin/npm" "publish"
51 error node v0.10.32
52 error npm  v2.0.2
53 error code E403
54 error forbidden cannot modify pre-existing version: 1.0.0
54 error old={"name":"ebooker","version":"1.0.0","description":"A simple nodejs CLI tool to easily download programming ebooks","main":"index.js","scripts":{"test":"echo \"Error: no test specified\" && exit 1"},"repository":{"type":"git","url":"https://github.com/k-u-s-h/ebooker"},"author":{"name":"kushagra","email":"singh.kushagra93@gmail.com"},"license":"M.I.T","bugs":{"url":"https://github.com/k-u-s-h/ebooker/issues"},"homepage":"https://github.com/k-u-s-h/ebooker","dependencies":{"bluebird":"^2.3.4","colors":"^0.6.2","open":"0.0.5","request":"^2.44.0"},"bin":{"ebooker":"index.js"},"keywords":["programming","ebook","search"],"_id":"ebooker@1.0.0","_shasum":"0176497ffe1433517d5f742f22710b4522264110","_from":".","_npmVersion":"2.0.2","_nodeVersion":"0.10.32","_npmUser":{"name":"kushagra","email":"singh.kushagra93@gmail.com"},"maintainers":[{"name":"kushagra","email":"singh.kushagra93@gmail.com"}],"dist":{"shasum":"0176497ffe1433517d5f742f22710b4522264110","tarball":"http://registry.npmjs.org/ebooker/-/ebooker-1.0.0.tgz"}}
54 error new={"name":"ebooker","version":"1.0.0","description":"A simple nodejs CLI tool to easily download programming ebooks","main":"index.js","scripts":{"test":"echo \"Error: no test specified\" && exit 1"},"repository":{"type":"git","url":"https://github.com/k-u-s-h/ebooker"},"author":{"name":"kushagra","email":"singh.kushagra93@gmail.com"},"license":"M.I.T","bugs":{"url":"https://github.com/k-u-s-h/ebooker/issues"},"homepage":"https://github.com/k-u-s-h/ebooker","dependencies":{"bluebird":"^2.3.4","colors":"^0.6.2","open":"0.0.5","request":"^2.44.0"},"bin":{"ebooker":"index.js"},"keywords":["programming","ebook","search"],"readme":"#ebooker\u000a###A simple node.js based CLI tool to easily download programming ebooks\u000a\u000a##Installation:\u000a\u000a```\u000asudo npm install -g ebooker\u000a```\u000a##Usage:\u000a\u000a```\u000a$ ebooker <key-word>\u000a```\u000a\u000a###Example:\u000a```\u000a$ ebooker node.js\u000a```\u000a\u000aOutput:\u000a```\u000a1. Node.js for PHP Developers\u000aPorting PHP to Node.js\u000a\u000a2. Using Node.js for UI Testing\u000aLearn how to easily automate testing of your web apps using Node.js, Zombie.js, and Mocha\u000a\u000a3. Getting Started with GEO, CouchDB, and Node.js\u000aNew Open Source Tools for Location Data\u000a\u000a4. Professional Node.js\u000aBuilding Javascript Based Scalable Software\u000a\u000a5. CoffeeScript Programming with jQuery, Rails, and Node.js\u000aLearn CoffeeScript programming with the three most popular web technologies around\u000a\u000a6. Jump Start Node.js\u000a** No description available **\u000a\u000a7. Node.js Recipes\u000aA Problem-Solution Approach\u000a\u000a8. Learning Node.js\u000aA Hands-On Guide to Building Web Applications in JavaScript\u000a\u000a9. Node.js the Right Way\u000aPractical, Server-Side JavaScript That Scales\u000a\u000a10. Node.js in Action\u000a** No description available **\u000a\u000aEnter the option number of the book you want to download:\u000a```\u000a\u000aUpon entering the correct option number you will be directed straight to the download page.\u000a\u000a###Note:\u000aSometimes you can get a ```OOPS!! NO ITEMS FOUND``` message. In that case try altering the key-word. For example- 'node.js' instead of 'nodejs' and 'C sharp' for 'C#' .\u000a","readmeFilename":"README.md","_id":"ebooker@1.0.0","_shasum":"d64fee9b26b38d2bebfa0b4ae0f3359eaee360e0","_from":".","_npmVersion":"2.0.2","_nodeVersion":"0.10.32","_npmUser":{"name":"kushagra","email":"singh.kushagra93@gmail.com"},"maintainers":[{"name":"kushagra","email":"singh.kushagra93@gmail.com"}],"dist":{"shasum":"d64fee9b26b38d2bebfa0b4ae0f3359eaee360e0","tarball":"http://registry.npmjs.org/ebooker/-/ebooker-1.0.0.tgz"}}: ebooker
55 error If you need help, you may report this error at:
55 error     <http://github.com/npm/npm/issues>
56 verbose exit [ 1, true ]
